c:\users\thinh\desktop\oppgaven\sdl2_standardproject\debug\main.obj
c:\users\thinh\desktop\oppgaven\sdl2_standardproject\debug\gamemanager.obj
c:\users\thinh\desktop\oppgaven\sdl2_standardproject\debug\timer.obj
c:\users\thinh\desktop\oppgaven\sdl2_standardproject\debug\inputmanager.obj
c:\users\thinh\desktop\oppgaven\sdl2_standardproject\debug\sdlbmp.obj
c:\users\thinh\desktop\oppgaven\sdl2_standardproject\debug\sdlerror.obj
c:\users\thinh\desktop\oppgaven\sdl2_standardproject\debug\sdlmanager.obj
c:\users\thinh\desktop\oppgaven\sdl2_standardproject\debug\vc140.pdb
c:\users\thinh\desktop\oppgaven\debug\oppgaven.ilk
c:\users\thinh\desktop\oppgaven\debug\oppgaven.exe
c:\users\thinh\desktop\oppgaven\debug\oppgaven.pdb
c:\users\thinh\desktop\oppgaven\sdl2_standardproject\debug\oppgaven.res
c:\users\thinh\desktop\oppgaven\sdl2_standardproject\debug\vc140.idb
c:\users\thinh\desktop\oppgaven\sdl2_standardproject\debug\oppgaven.tlog\cl.command.1.tlog
c:\users\thinh\desktop\oppgaven\sdl2_standardproject\debug\oppgaven.tlog\cl.read.1.tlog
c:\users\thinh\desktop\oppgaven\sdl2_standardproject\debug\oppgaven.tlog\cl.write.1.tlog
c:\users\thinh\desktop\oppgaven\sdl2_standardproject\debug\oppgaven.tlog\link.command.1.tlog
c:\users\thinh\desktop\oppgaven\sdl2_standardproject\debug\oppgaven.tlog\link.read.1.tlog
c:\users\thinh\desktop\oppgaven\sdl2_standardproject\debug\oppgaven.tlog\link.write.1.tlog
c:\users\thinh\desktop\oppgaven\sdl2_standardproject\debug\oppgaven.tlog\rc.command.1.tlog
c:\users\thinh\desktop\oppgaven\sdl2_standardproject\debug\oppgaven.tlog\rc.read.1.tlog
c:\users\thinh\desktop\oppgaven\sdl2_standardproject\debug\oppgaven.tlog\rc.write.1.tlog
